Traceback (most recent call last):
  File "/Users/bpuchala/.local/conda/envs/CASM_v2_py314/lib/python3.14/site-packages/jupyter_cache/executors/utils.py", line 58, in single_nb_execution
    executenb(
    ~~~~~~~~~^
        nb,
        ^^^
    ...<4 lines>...
        **kwargs,
        ^^^^^^^^^
    )
    ^
  File "/Users/bpuchala/.local/conda/envs/CASM_v2_py314/lib/python3.14/site-packages/nbclient/client.py", line 1323, in execute
    return NotebookClient(nb=nb, resources=resources, km=km, **kwargs).execute()
           ~~~~~~~~~~~~~~~~~~~~~~~~~~~~~~~~~~~~~~~~~~~~~~~~~~~~~~~~~~~~~~~~~~~^^
  File "/Users/bpuchala/.local/conda/envs/CASM_v2_py314/lib/python3.14/site-packages/jupyter_core/utils/__init__.py", line 165, in wrapped
    return loop.run_until_complete(inner)
           ~~~~~~~~~~~~~~~~~~~~~~~^^^^^^^
  File "/Users/bpuchala/.local/conda/envs/CASM_v2_py314/lib/python3.14/asyncio/base_events.py", line 719, in run_until_complete
    return future.result()
           ~~~~~~~~~~~~~^^
  File "/Users/bpuchala/.local/conda/envs/CASM_v2_py314/lib/python3.14/site-packages/nbclient/client.py", line 709, in async_execute
    await self.async_execute_cell(
        cell, index, execution_count=self.code_cells_executed + 1
    )
  File "/Users/bpuchala/.local/conda/envs/CASM_v2_py314/lib/python3.14/site-packages/nbclient/client.py", line 1062, in async_execute_cell
    await self._check_raise_for_error(cell, cell_index, exec_reply)
  File "/Users/bpuchala/.local/conda/envs/CASM_v2_py314/lib/python3.14/site-packages/nbclient/client.py", line 918, in _check_raise_for_error
    raise CellExecutionError.from_cell_and_msg(cell, exec_reply_content)
nbclient.exceptions.CellExecutionError: An error occurred while executing the following cell:
------------------
project.vis.enum("main")
------------------

----- stdout -----
Starting CASM Bokeh server...
----- stdout -----
Starting CASM API server...
----- stdout -----
Starting CASM VIS server...
----- stdout -----
Opening casm-vis (http://localhost:3000) in your browser...
------------------

[31m---------------------------------------------------------------------------[39m
[31mRuntimeError[39m                              Traceback (most recent call last)
[36mCell[39m[36m [39m[32mIn[9][39m[32m, line 1[39m
[32m----> [39m[32m1[39m [43mproject[49m[43m.[49m[43mvis[49m[43m.[49m[43menum[49m[43m([49m[33;43m"[39;49m[33;43mmain[39;49m[33;43m"[39;49m[43m)[49m

[36mFile [39m[32m~/.local/conda/envs/CASM_v2_py314/lib/python3.14/site-packages/casm/project/vis/_VisCommand.py:70[39m, in [36mVisCommand.enum[39m[34m(self, enum_id, view_id)[39m
[32m     67[39m [38;5;28;01mimport[39;00m[38;5;250m [39m[34;01mwebbrowser[39;00m
[32m     69[39m [38;5;28;01mif[39;00m [38;5;28mself[39m._proj_id [38;5;129;01mis[39;00m [38;5;28;01mNone[39;00m:
[32m---> [39m[32m70[39m     [38;5;28;01mraise[39;00m [38;5;167;01mRuntimeError[39;00m(
[32m     71[39m         [33m"[39m[33mError: could not add project to casm-vis. [39m[33m"[39m
[32m     72[39m         [33m"[39m[33mIs the casm-vis API server running?[39m[33m"[39m
[32m     73[39m     )
[32m     74[39m enum = [38;5;28mself[39m.proj.enum.get([38;5;28mid[39m=enum_id)
[32m     75[39m [38;5;28;01mif[39;00m [38;5;129;01mnot[39;00m enum.enum_dir.exists():

[31mRuntimeError[39m: Error: could not add project to casm-vis. Is the casm-vis API server running?

